2025-08-25 13:25:44,563 - Gitea Repo Uploader - ERROR - Fatal error: Can't find a usable init.tcl in the following directories: 
    C:/Users/mbate/AppData/Local/Programs/Python/Python313/lib/tcl8.6 C:/Users/mbate/AppData/Local/Programs/Python/lib/tcl8.6 C:/Users/mbate/AppData/Local/Programs/lib/tcl8.6 C:/Users/mbate/AppData/Local/Programs/Python/library C:/Users/mbate/AppData/Local/Programs/library C:/Users/mbate/AppData/Local/Programs/tcl8.6.14/library C:/Users/mbate/AppData/Local/tcl8.6.14/library



This probably means that Tcl wasn't installed properly.

2025-08-25 13:25:44,603 - Gitea Repo Uploader - INFO - SESSION ENDED: 2025-08-25 13:25:44
2025-08-25 13:25:44,604 - Gitea Repo Uploader - INFO - ============================================================
2025-08-25 13:26:00,599 - Gitea Repo Uploader - ERROR - Fatal error: Can't find a usable init.tcl in the following directories: 
    C:/Users/mbate/AppData/Local/Programs/Python/Python313/lib/tcl8.6 C:/Users/mbate/AppData/Local/Programs/Python/lib/tcl8.6 C:/Users/mbate/AppData/Local/Programs/lib/tcl8.6 C:/Users/mbate/AppData/Local/Programs/Python/library C:/Users/mbate/AppData/Local/Programs/library C:/Users/mbate/AppData/Local/Programs/tcl8.6.14/library C:/Users/mbate/AppData/Local/tcl8.6.14/library



This probably means that Tcl wasn't installed properly.

2025-08-25 13:26:00,603 - Gitea Repo Uploader - INFO - SESSION ENDED: 2025-08-25 13:26:00
2025-08-25 13:26:00,603 - Gitea Repo Uploader - INFO - ============================================================
2025-08-25 13:26:15,250 - Gitea Repo Uploader - ERROR - Fatal error: Can't find a usable init.tcl in the following directories: 
    C:/Users/mbate/AppData/Local/Programs/Python/Python313/lib/tcl8.6 C:/Users/mbate/AppData/Local/Programs/Python/lib/tcl8.6 C:/Users/mbate/AppData/Local/Programs/lib/tcl8.6 C:/Users/mbate/AppData/Local/Programs/Python/library C:/Users/mbate/AppData/Local/Programs/library C:/Users/mbate/AppData/Local/Programs/tcl8.6.14/library C:/Users/mbate/AppData/Local/tcl8.6.14/library



This probably means that Tcl wasn't installed properly.

2025-08-25 13:26:15,254 - Gitea Repo Uploader - INFO - SESSION ENDED: 2025-08-25 13:26:15
2025-08-25 13:26:15,254 - Gitea Repo Uploader - INFO - ============================================================
2025-08-25 13:27:43,236 - Gitea Repo Uploader - ERROR - Fatal error: Can't find a usable init.tcl in the following directories: 
    C:/Users/mbate/AppData/Local/Programs/Python/Python313/lib/tcl8.6 C:/Users/mbate/AppData/Local/Programs/Python/lib/tcl8.6 C:/Users/mbate/AppData/Local/Programs/lib/tcl8.6 C:/Users/mbate/AppData/Local/Programs/Python/library C:/Users/mbate/AppData/Local/Programs/library C:/Users/mbate/AppData/Local/Programs/tcl8.6.14/library C:/Users/mbate/AppData/Local/tcl8.6.14/library



This probably means that Tcl wasn't installed properly.

2025-08-25 13:27:43,240 - Gitea Repo Uploader - INFO - SESSION ENDED: 2025-08-25 13:27:43
2025-08-25 13:27:43,240 - Gitea Repo Uploader - INFO - ============================================================
2025-08-25 13:34:56,660 - Gitea Repo Uploader - INFO - Loading preferences
2025-08-25 13:34:56,661 - Gitea Repo Uploader - INFO - Loaded preferences: {'gitea_url': '[ENTER GITEA URL]', 'username': '[ENTER USERNAME]', 'last_directory': '[ENTER LAST DIRECTORY]', 'git_name': '[ENTER GIT NAME]', 'git_email': '[ENTER GIT EMAIL]'}
2025-08-25 13:34:57,317 - Gitea Repo Uploader - INFO - ============================================================
2025-08-25 13:34:57,317 - Gitea Repo Uploader - INFO - NEW SESSION STARTED: 2025-08-25 13:34:57
2025-08-25 13:34:57,317 - Gitea Repo Uploader - INFO - Application: Gitea Repo Uploader v1.3.4
2025-08-25 13:34:57,317 - Gitea Repo Uploader - INFO - Python: 3.12.4 (tags/v3.12.4:8e8a4ba, Jun  6 2024, 19:30:16) [MSC v.1940 64 bit (AMD64)]
2025-08-25 13:34:57,317 - Gitea Repo Uploader - INFO - Platform: nt
2025-08-25 13:34:57,318 - Gitea Repo Uploader - INFO - ============================================================
2025-08-25 13:35:31,563 - Gitea Repo Uploader - INFO - SESSION ENDED: 2025-08-25 13:35:31
2025-08-25 13:35:31,563 - Gitea Repo Uploader - INFO - ============================================================
2025-08-25 13:35:31,614 - Gitea Repo Uploader - INFO - SESSION ENDED: 2025-08-25 13:35:31
2025-08-25 13:35:31,614 - Gitea Repo Uploader - INFO - ============================================================
2025-08-25 13:37:30,575 - Gitea Repo Uploader - INFO - Loading preferences
2025-08-25 13:37:30,576 - Gitea Repo Uploader - INFO - Loaded preferences: {'gitea_url': '', 'username': '', 'last_directory': '', 'git_name': '', 'git_email': ''}
2025-08-25 13:37:31,064 - Gitea Repo Uploader - INFO - ============================================================
2025-08-25 13:37:31,064 - Gitea Repo Uploader - INFO - NEW SESSION STARTED: 2025-08-25 13:37:31
2025-08-25 13:37:31,064 - Gitea Repo Uploader - INFO - Application: Gitea Repo Uploader v1.3.4
2025-08-25 13:37:31,064 - Gitea Repo Uploader - INFO - Python: 3.12.4 (tags/v3.12.4:8e8a4ba, Jun  6 2024, 19:30:16) [MSC v.1940 64 bit (AMD64)]
2025-08-25 13:37:31,064 - Gitea Repo Uploader - INFO - Platform: nt
2025-08-25 13:37:31,065 - Gitea Repo Uploader - INFO - ============================================================
2025-08-25 13:37:38,922 - Gitea Repo Uploader - INFO - SESSION ENDED: 2025-08-25 13:37:38
2025-08-25 13:37:38,922 - Gitea Repo Uploader - INFO - ============================================================
2025-08-25 13:37:38,965 - Gitea Repo Uploader - INFO - SESSION ENDED: 2025-08-25 13:37:38
2025-08-25 13:37:38,965 - Gitea Repo Uploader - INFO - ============================================================
2025-08-25 13:38:41,878 - Gitea Repo Uploader - INFO - Loading preferences
2025-08-25 13:38:41,879 - Gitea Repo Uploader - INFO - Loaded preferences: {'gitea_url': '', 'username': '', 'last_directory': '', 'git_name': '', 'git_email': ''}
2025-08-25 13:38:42,430 - Gitea Repo Uploader - INFO - ============================================================
2025-08-25 13:38:42,430 - Gitea Repo Uploader - INFO - NEW SESSION STARTED: 2025-08-25 13:38:42
2025-08-25 13:38:42,430 - Gitea Repo Uploader - INFO - Application: Gitea Repo Uploader v1.3.4
2025-08-25 13:38:42,430 - Gitea Repo Uploader - INFO - Python: 3.12.4 (tags/v3.12.4:8e8a4ba, Jun  6 2024, 19:30:16) [MSC v.1940 64 bit (AMD64)]
2025-08-25 13:38:42,430 - Gitea Repo Uploader - INFO - Platform: nt
2025-08-25 13:38:42,430 - Gitea Repo Uploader - INFO - ============================================================
2025-08-25 13:39:43,826 - Gitea Repo Uploader - INFO - SESSION ENDED: 2025-08-25 13:39:43
2025-08-25 13:39:43,826 - Gitea Repo Uploader - INFO - ============================================================
2025-08-25 13:39:43,850 - Gitea Repo Uploader - INFO - SESSION ENDED: 2025-08-25 13:39:43
2025-08-25 13:39:43,850 - Gitea Repo Uploader - INFO - ============================================================
